2026-02-27 15:17:23,860 - INFO - ============================================================
2026-02-27 15:17:23,860 - INFO - ELLIOTT WAVE MARKET DATA FETCHER
2026-02-27 15:17:23,860 - INFO - ============================================================
2026-02-27 15:17:23,860 - INFO - 
📈 S&P 500 Stocks: 502 tickers
2026-02-27 15:17:23,860 - INFO - Fetching stocks: 502 tickers...
2026-02-27 15:17:48,638 - ERROR - HTTP Error 404: {"quoteSummary":{"result":null,"error":{"code":"Not Found","description":"Quote not found for symbol: ANSS"}}}
2026-02-27 15:17:48,803 - ERROR - $ANSS: possibly delisted; no price data found  (period=730d) (Yahoo error = "No data found, symbol may be delisted")
2026-02-27 15:17:48,803 - ERROR - 
1 Failed download:
2026-02-27 15:17:48,803 - ERROR - ['ANSS']: possibly delisted; no price data found  (period=730d) (Yahoo error = "No data found, symbol may be delisted")
2026-02-27 15:17:48,923 - ERROR - HTTP Error 404: {"quoteSummary":{"result":null,"error":{"code":"Not Found","description":"Quote not found for symbol: ANSS"}}}
2026-02-27 15:17:48,983 - ERROR - $ANSS: possibly delisted; no timezone found
2026-02-27 15:17:48,984 - ERROR - 
1 Failed download:
2026-02-27 15:17:48,984 - ERROR - ['ANSS']: possibly delisted; no timezone found
2026-02-27 15:17:48,990 - ERROR - $ANSS: possibly delisted; no timezone found
2026-02-27 15:17:48,990 - ERROR - 
1 Failed download:
2026-02-27 15:17:48,990 - ERROR - ['ANSS']: possibly delisted; no timezone found
2026-02-27 15:18:06,749 - INFO - [stocks] Progress: 50/502 (10.0%)
2026-02-27 15:18:48,341 - INFO - [stocks] Progress: 100/502 (19.9%)
2026-02-27 15:19:02,906 - ERROR - $CTLT: possibly delisted; no price data found  (period=730d) (Yahoo error = "No data found, symbol may be delisted")
2026-02-27 15:19:02,907 - ERROR - 
1 Failed download:
2026-02-27 15:19:02,907 - ERROR - ['CTLT']: possibly delisted; no price data found  (period=730d) (Yahoo error = "No data found, symbol may be delisted")
2026-02-27 15:19:02,912 - ERROR - $CTLT: possibly delisted; no timezone found
2026-02-27 15:19:02,913 - ERROR - 
1 Failed download:
2026-02-27 15:19:02,913 - ERROR - ['CTLT']: possibly delisted; no timezone found
2026-02-27 15:19:02,916 - ERROR - $CTLT: possibly delisted; no timezone found
2026-02-27 15:19:02,916 - ERROR - 
1 Failed download:
2026-02-27 15:19:02,916 - ERROR - ['CTLT']: possibly delisted; no timezone found
2026-02-27 15:19:14,724 - ERROR - $DFS: possibly delisted; no price data found  (period=730d) (Yahoo error = "No data found, symbol may be delisted")
2026-02-27 15:19:14,725 - ERROR - 
1 Failed download:
2026-02-27 15:19:14,725 - ERROR - ['DFS']: possibly delisted; no price data found  (period=730d) (Yahoo error = "No data found, symbol may be delisted")
2026-02-27 15:19:14,727 - ERROR - $DFS: possibly delisted; no timezone found
2026-02-27 15:19:14,727 - ERROR - 
1 Failed download:
2026-02-27 15:19:14,727 - ERROR - ['DFS']: possibly delisted; no timezone found
2026-02-27 15:19:14,728 - ERROR - $DFS: possibly delisted; no timezone found
2026-02-27 15:19:14,728 - ERROR - 
1 Failed download:
2026-02-27 15:19:14,728 - ERROR - ['DFS']: possibly delisted; no timezone found
2026-02-27 15:19:28,670 - INFO - [stocks] Progress: 150/502 (29.9%)
2026-02-27 15:19:58,426 - ERROR - $FI: possibly delisted; no price data found  (period=730d) (Yahoo error = "No data found, symbol may be delisted")
2026-02-27 15:19:58,428 - ERROR - 
1 Failed download:
2026-02-27 15:19:58,428 - ERROR - ['FI']: possibly delisted; no price data found  (period=730d) (Yahoo error = "No data found, symbol may be delisted")
2026-02-27 15:19:58,430 - ERROR - $FI: possibly delisted; no timezone found
2026-02-27 15:19:58,431 - ERROR - 
1 Failed download:
2026-02-27 15:19:58,431 - ERROR - ['FI']: possibly delisted; no timezone found
2026-02-27 15:19:58,433 - ERROR - $FI: possibly delisted; no timezone found
2026-02-27 15:19:58,433 - ERROR - 
1 Failed download:
2026-02-27 15:19:58,433 - ERROR - ['FI']: possibly delisted; no timezone found
2026-02-27 15:20:11,178 - INFO - [stocks] Progress: 200/502 (39.8%)
2026-02-27 15:20:25,198 - ERROR - $HES: possibly delisted; no price data found  (period=730d) (Yahoo error = "No data found, symbol may be delisted")
2026-02-27 15:20:25,199 - ERROR - 
1 Failed download:
2026-02-27 15:20:25,199 - ERROR - ['HES']: possibly delisted; no price data found  (period=730d) (Yahoo error = "No data found, symbol may be delisted")
2026-02-27 15:20:25,203 - ERROR - $HES: possibly delisted; no timezone found
2026-02-27 15:20:25,203 - ERROR - 
1 Failed download:
2026-02-27 15:20:25,203 - ERROR - ['HES']: possibly delisted; no timezone found
2026-02-27 15:20:25,206 - ERROR - $HES: possibly delisted; no timezone found
2026-02-27 15:20:25,206 - ERROR - 
1 Failed download:
2026-02-27 15:20:25,207 - ERROR - ['HES']: possibly delisted; no timezone found
2026-02-27 15:20:46,869 - ERROR - $IPG: possibly delisted; no price data found  (period=730d) (Yahoo error = "No data found, symbol may be delisted")
2026-02-27 15:20:46,871 - ERROR - 
1 Failed download:
2026-02-27 15:20:46,871 - ERROR - ['IPG']: possibly delisted; no price data found  (period=730d) (Yahoo error = "No data found, symbol may be delisted")
2026-02-27 15:20:46,876 - ERROR - $IPG: possibly delisted; no timezone found
2026-02-27 15:20:46,876 - ERROR - 
1 Failed download:
2026-02-27 15:20:46,876 - ERROR - ['IPG']: possibly delisted; no timezone found
2026-02-27 15:20:46,879 - ERROR - $IPG: possibly delisted; no timezone found
2026-02-27 15:20:46,879 - ERROR - 
1 Failed download:
2026-02-27 15:20:46,879 - ERROR - ['IPG']: possibly delisted; no timezone found
2026-02-27 15:20:49,475 - INFO - [stocks] Progress: 250/502 (49.8%)
2026-02-27 15:20:58,314 - ERROR - $JNPR: possibly delisted; no price data found  (period=730d) (Yahoo error = "No data found, symbol may be delisted")
2026-02-27 15:20:58,316 - ERROR - 
1 Failed download:
2026-02-27 15:20:58,316 - ERROR - ['JNPR']: possibly delisted; no price data found  (period=730d) (Yahoo error = "No data found, symbol may be delisted")
2026-02-27 15:20:58,320 - ERROR - $JNPR: possibly delisted; no timezone found
2026-02-27 15:20:58,320 - ERROR - 
1 Failed download:
2026-02-27 15:20:58,320 - ERROR - ['JNPR']: possibly delisted; no timezone found
2026-02-27 15:20:58,323 - ERROR - $JNPR: possibly delisted; no timezone found
2026-02-27 15:20:58,323 - ERROR - 
1 Failed download:
2026-02-27 15:20:58,323 - ERROR - ['JNPR']: possibly delisted; no timezone found
2026-02-27 15:20:59,837 - ERROR - $K: possibly delisted; no price data found  (period=730d) (Yahoo error = "No data found, symbol may be delisted")
2026-02-27 15:20:59,838 - ERROR - 
1 Failed download:
2026-02-27 15:20:59,838 - ERROR - ['K']: possibly delisted; no price data found  (period=730d) (Yahoo error = "No data found, symbol may be delisted")
2026-02-27 15:20:59,842 - ERROR - $K: possibly delisted; no timezone found
2026-02-27 15:20:59,843 - ERROR - 
1 Failed download:
2026-02-27 15:20:59,843 - ERROR - ['K']: possibly delisted; no timezone found
2026-02-27 15:20:59,846 - ERROR - $K: possibly delisted; no timezone found
2026-02-27 15:20:59,846 - ERROR - 
1 Failed download:
2026-02-27 15:20:59,846 - ERROR - ['K']: possibly delisted; no timezone found
2026-02-27 15:21:08,981 - ERROR - $KVUE: possibly delisted; no price data found  (period=730d) (Yahoo error = "1h data not available for startTime=1683207000 and endTime=1772234468. The requested range must be within the last 730 days.")
2026-02-27 15:21:08,982 - ERROR - 
1 Failed download:
2026-02-27 15:21:08,982 - ERROR - ['KVUE']: possibly delisted; no price data found  (period=730d) (Yahoo error = "1h data not available for startTime=1683207000 and endTime=1772234468. The requested range must be within the last 730 days.")
2026-02-27 15:21:33,243 - INFO - [stocks] Progress: 300/502 (59.8%)
2026-02-27 15:21:49,090 - ERROR - $MRO: possibly delisted; no price data found  (period=730d) (Yahoo error = "No data found, symbol may be delisted")
2026-02-27 15:21:49,091 - ERROR - 
1 Failed download:
2026-02-27 15:21:49,091 - ERROR - ['MRO']: possibly delisted; no price data found  (period=730d) (Yahoo error = "No data found, symbol may be delisted")
2026-02-27 15:21:49,096 - ERROR - $MRO: possibly delisted; no timezone found
2026-02-27 15:21:49,097 - ERROR - 
1 Failed download:
2026-02-27 15:21:49,097 - ERROR - ['MRO']: possibly delisted; no timezone found
2026-02-27 15:21:49,100 - ERROR - $MRO: possibly delisted; no timezone found
2026-02-27 15:21:49,100 - ERROR - 
1 Failed download:
2026-02-27 15:21:49,100 - ERROR - ['MRO']: possibly delisted; no timezone found
2026-02-27 15:22:14,103 - INFO - [stocks] Progress: 350/502 (69.7%)
2026-02-27 15:22:23,597 - ERROR - $PARA: possibly delisted; no price data found  (period=730d) (Yahoo error = "No data found, symbol may be delisted")
2026-02-27 15:22:23,598 - ERROR - 
1 Failed download:
2026-02-27 15:22:23,598 - ERROR - ['PARA']: possibly delisted; no price data found  (period=730d) (Yahoo error = "No data found, symbol may be delisted")
2026-02-27 15:22:23,602 - ERROR - $PARA: possibly delisted; no timezone found
2026-02-27 15:22:23,603 - ERROR - 
1 Failed download:
2026-02-27 15:22:23,603 - ERROR - ['PARA']: possibly delisted; no timezone found
2026-02-27 15:22:23,606 - ERROR - $PARA: possibly delisted; no timezone found
2026-02-27 15:22:23,606 - ERROR - 
1 Failed download:
2026-02-27 15:22:23,606 - ERROR - ['PARA']: possibly delisted; no timezone found
2026-02-27 15:22:55,877 - INFO - [stocks] Progress: 400/502 (79.7%)
2026-02-27 15:23:28,682 - ERROR - $TMOS: possibly delisted; no price data found  (period=730d)
2026-02-27 15:23:28,683 - ERROR - 
1 Failed download:
2026-02-27 15:23:28,683 - ERROR - ['TMOS']: possibly delisted; no price data found  (period=730d)
2026-02-27 15:23:28,728 - ERROR - $TMOS: possibly delisted; no price data found  (1d 1927-03-24 -> 2026-02-27)
2026-02-27 15:23:28,728 - ERROR - 
1 Failed download:
2026-02-27 15:23:28,728 - ERROR - ['TMOS']: possibly delisted; no price data found  (1d 1927-03-24 -> 2026-02-27)
2026-02-27 15:23:28,775 - ERROR - $TMOS: possibly delisted; no price data found  (1wk 1927-03-24 -> 2026-02-27)
2026-02-27 15:23:28,775 - ERROR - 
1 Failed download:
2026-02-27 15:23:28,776 - ERROR - ['TMOS']: possibly delisted; no price data found  (1wk 1927-03-24 -> 2026-02-27)
2026-02-27 15:23:34,818 - INFO - [stocks] Progress: 450/502 (89.6%)
2026-02-27 15:23:50,874 - ERROR - $VLTO: possibly delisted; no price data found  (period=730d) (Yahoo error = "1h data not available for startTime=1696426200 and endTime=1772234630. The requested range must be within the last 730 days.")
2026-02-27 15:23:50,875 - ERROR - 
1 Failed download:
2026-02-27 15:23:50,875 - ERROR - ['VLTO']: possibly delisted; no price data found  (period=730d) (Yahoo error = "1h data not available for startTime=1696426200 and endTime=1772234630. The requested range must be within the last 730 days.")
2026-02-27 15:23:57,905 - ERROR - $WBA: possibly delisted; no price data found  (period=730d) (Yahoo error = "No data found, symbol may be delisted")
2026-02-27 15:23:57,905 - ERROR - 
1 Failed download:
2026-02-27 15:23:57,905 - ERROR - ['WBA']: possibly delisted; no price data found  (period=730d) (Yahoo error = "No data found, symbol may be delisted")
2026-02-27 15:23:57,909 - ERROR - $WBA: possibly delisted; no timezone found
2026-02-27 15:23:57,910 - ERROR - 
1 Failed download:
2026-02-27 15:23:57,910 - ERROR - ['WBA']: possibly delisted; no timezone found
2026-02-27 15:23:57,913 - ERROR - $WBA: possibly delisted; no timezone found
2026-02-27 15:23:57,913 - ERROR - 
1 Failed download:
2026-02-27 15:23:57,914 - ERROR - ['WBA']: possibly delisted; no timezone found
2026-02-27 15:24:15,944 - INFO - [stocks] Progress: 500/502 (99.6%)
2026-02-27 15:24:17,840 - INFO - Saved data/hf_dataset/stocks/stocks_1h.parquet: 2466894 rows, 488 tickers
2026-02-27 15:24:18,070 - INFO - Saved data/hf_dataset/stocks/stocks_4h.parquet: 826422 rows, 488 tickers
2026-02-27 15:24:19,032 - INFO - Saved data/hf_dataset/stocks/stocks_1d.parquet: 4351747 rows, 490 tickers
2026-02-27 15:24:19,258 - INFO - Saved data/hf_dataset/stocks/stocks_1wk.parquet: 901915 rows, 490 tickers
2026-02-27 15:24:19,346 - INFO - 
🌍 International Stocks: 100 tickers
2026-02-27 15:24:19,347 - INFO - Fetching international: 100 tickers...
2026-02-27 15:24:25,045 - ERROR - $RDSA.L: possibly delisted; no price data found  (period=730d) (Yahoo error = "No data found, symbol may be delisted")
2026-02-27 15:24:25,046 - ERROR - 
1 Failed download:
2026-02-27 15:24:25,046 - ERROR - ['RDSA.L']: possibly delisted; no price data found  (period=730d) (Yahoo error = "No data found, symbol may be delisted")
2026-02-27 15:24:25,050 - ERROR - $RDSA.L: possibly delisted; no timezone found
2026-02-27 15:24:25,050 - ERROR - 
1 Failed download:
2026-02-27 15:24:25,050 - ERROR - ['RDSA.L']: possibly delisted; no timezone found
2026-02-27 15:24:25,053 - ERROR - $RDSA.L: possibly delisted; no timezone found
2026-02-27 15:24:25,053 - ERROR - 
1 Failed download:
2026-02-27 15:24:25,053 - ERROR - ['RDSA.L']: possibly delisted; no timezone found
2026-02-27 15:24:25,265 - ERROR - $RDSB.L: possibly delisted; no price data found  (period=730d) (Yahoo error = "No data found, symbol may be delisted")
2026-02-27 15:24:25,266 - ERROR - 
1 Failed download:
2026-02-27 15:24:25,266 - ERROR - ['RDSB.L']: possibly delisted; no price data found  (period=730d) (Yahoo error = "No data found, symbol may be delisted")
2026-02-27 15:24:25,270 - ERROR - $RDSB.L: possibly delisted; no timezone found
2026-02-27 15:24:25,271 - ERROR - 
1 Failed download:
2026-02-27 15:24:25,271 - ERROR - ['RDSB.L']: possibly delisted; no timezone found
2026-02-27 15:24:25,273 - ERROR - $RDSB.L: possibly delisted; no timezone found
2026-02-27 15:24:25,274 - ERROR - 
1 Failed download:
2026-02-27 15:24:25,274 - ERROR - ['RDSB.L']: possibly delisted; no timezone found
2026-02-27 15:24:30,246 - ERROR - $SMDS.L: possibly delisted; no price data found  (period=730d) (Yahoo error = "No data found, symbol may be delisted")
2026-02-27 15:24:30,247 - ERROR - 
1 Failed download:
2026-02-27 15:24:30,247 - ERROR - ['SMDS.L']: possibly delisted; no price data found  (period=730d) (Yahoo error = "No data found, symbol may be delisted")
2026-02-27 15:24:30,251 - ERROR - $SMDS.L: possibly delisted; no timezone found
2026-02-27 15:24:30,251 - ERROR - 
1 Failed download:
2026-02-27 15:24:30,251 - ERROR - ['SMDS.L']: possibly delisted; no timezone found
2026-02-27 15:24:30,255 - ERROR - $SMDS.L: possibly delisted; no timezone found
2026-02-27 15:24:30,255 - ERROR - 
1 Failed download:
2026-02-27 15:24:30,255 - ERROR - ['SMDS.L']: possibly delisted; no timezone found
2026-02-27 15:24:51,539 - ERROR - $FP.PA: possibly delisted; no price data found  (period=730d) (Yahoo error = "No data found, symbol may be delisted")
2026-02-27 15:24:51,539 - ERROR - 
1 Failed download:
2026-02-27 15:24:51,540 - ERROR - ['FP.PA']: possibly delisted; no price data found  (period=730d) (Yahoo error = "No data found, symbol may be delisted")
2026-02-27 15:24:51,544 - ERROR - $FP.PA: possibly delisted; no timezone found
2026-02-27 15:24:51,545 - ERROR - 
1 Failed download:
2026-02-27 15:24:51,545 - ERROR - ['FP.PA']: possibly delisted; no timezone found
2026-02-27 15:24:51,547 - ERROR - $FP.PA: possibly delisted; no timezone found
2026-02-27 15:24:51,548 - ERROR - 
1 Failed download:
2026-02-27 15:24:51,548 - ERROR - ['FP.PA']: possibly delisted; no timezone found
2026-02-27 15:24:57,624 - INFO - [international] Progress: 50/100 (50.0%)
2026-02-27 15:25:05,683 - ERROR - $DSM.AS: possibly delisted; no price data found  (period=730d) (Yahoo error = "No data found, symbol may be delisted")
2026-02-27 15:25:05,684 - ERROR - 
1 Failed download:
2026-02-27 15:25:05,685 - ERROR - ['DSM.AS']: possibly delisted; no price data found  (period=730d) (Yahoo error = "No data found, symbol may be delisted")
2026-02-27 15:25:05,690 - ERROR - $DSM.AS: possibly delisted; no timezone found
2026-02-27 15:25:05,690 - ERROR - 
1 Failed download:
2026-02-27 15:25:05,690 - ERROR - ['DSM.AS']: possibly delisted; no timezone found
2026-02-27 15:25:05,693 - ERROR - $DSM.AS: possibly delisted; no timezone found
2026-02-27 15:25:05,694 - ERROR - 
1 Failed download:
2026-02-27 15:25:05,694 - ERROR - ['DSM.AS']: possibly delisted; no timezone found
2026-02-27 15:25:06,466 - ERROR - $SHL.L: possibly delisted; no price data found  (period=730d)
2026-02-27 15:25:06,466 - ERROR - 
1 Failed download:
2026-02-27 15:25:06,466 - ERROR - ['SHL.L']: possibly delisted; no price data found  (period=730d)
2026-02-27 15:25:06,507 - ERROR - $SHL.L: possibly delisted; no price data found  (1d 1927-03-24 -> 2026-02-27)
2026-02-27 15:25:06,507 - ERROR - 
1 Failed download:
2026-02-27 15:25:06,507 - ERROR - ['SHL.L']: possibly delisted; no price data found  (1d 1927-03-24 -> 2026-02-27)
2026-02-27 15:25:06,556 - ERROR - $SHL.L: possibly delisted; no price data found  (1wk 1927-03-24 -> 2026-02-27)
2026-02-27 15:25:06,556 - ERROR - 
1 Failed download:
2026-02-27 15:25:06,556 - ERROR - ['SHL.L']: possibly delisted; no price data found  (1wk 1927-03-24 -> 2026-02-27)
2026-02-27 15:25:08,791 - ERROR - $03988.HK: possibly delisted; no price data found  (period=730d)
2026-02-27 15:25:08,791 - ERROR - 
1 Failed download:
2026-02-27 15:25:08,791 - ERROR - ['03988.HK']: possibly delisted; no price data found  (period=730d)
2026-02-27 15:25:08,831 - ERROR - $03988.HK: possibly delisted; no price data found  (1d 1927-03-24 -> 2026-02-27)
2026-02-27 15:25:08,832 - ERROR - 
1 Failed download:
2026-02-27 15:25:08,832 - ERROR - ['03988.HK']: possibly delisted; no price data found  (1d 1927-03-24 -> 2026-02-27)
2026-02-27 15:25:08,871 - ERROR - $03988.HK: possibly delisted; no price data found  (1wk 1927-03-24 -> 2026-02-27)
2026-02-27 15:25:08,871 - ERROR - 
1 Failed download:
2026-02-27 15:25:08,871 - ERROR - ['03988.HK']: possibly delisted; no price data found  (1wk 1927-03-24 -> 2026-02-27)
2026-02-27 15:25:09,570 - ERROR - $03888.HK: possibly delisted; no price data found  (period=730d)
2026-02-27 15:25:09,571 - ERROR - 
1 Failed download:
2026-02-27 15:25:09,571 - ERROR - ['03888.HK']: possibly delisted; no price data found  (period=730d)
2026-02-27 15:25:09,614 - ERROR - $03888.HK: possibly delisted; no price data found  (1d 1927-03-24 -> 2026-02-27)
2026-02-27 15:25:09,614 - ERROR - 
1 Failed download:
2026-02-27 15:25:09,614 - ERROR - ['03888.HK']: possibly delisted; no price data found  (1d 1927-03-24 -> 2026-02-27)
2026-02-27 15:25:09,658 - ERROR - $03888.HK: possibly delisted; no price data found  (1wk 1927-03-24 -> 2026-02-27)
2026-02-27 15:25:09,658 - ERROR - 
1 Failed download:
2026-02-27 15:25:09,658 - ERROR - ['03888.HK']: possibly delisted; no price data found  (1wk 1927-03-24 -> 2026-02-27)
2026-02-27 15:25:11,657 - ERROR - $09618.HK: possibly delisted; no price data found  (period=730d) (Yahoo error = "No data found, symbol may be delisted")
2026-02-27 15:25:11,658 - ERROR - 
1 Failed download:
2026-02-27 15:25:11,658 - ERROR - ['09618.HK']: possibly delisted; no price data found  (period=730d) (Yahoo error = "No data found, symbol may be delisted")
2026-02-27 15:25:11,663 - ERROR - $09618.HK: possibly delisted; no timezone found
2026-02-27 15:25:11,663 - ERROR - 
1 Failed download:
2026-02-27 15:25:11,663 - ERROR - ['09618.HK']: possibly delisted; no timezone found
2026-02-27 15:25:11,666 - ERROR - $09618.HK: possibly delisted; no timezone found
2026-02-27 15:25:11,666 - ERROR - 
1 Failed download:
2026-02-27 15:25:11,666 - ERROR - ['09618.HK']: possibly delisted; no timezone found
2026-02-27 15:25:15,399 - ERROR - $WPL.AX: possibly delisted; no price data found  (period=730d) (Yahoo error = "No data found, symbol may be delisted")
2026-02-27 15:25:15,400 - ERROR - 
1 Failed download:
2026-02-27 15:25:15,400 - ERROR - ['WPL.AX']: possibly delisted; no price data found  (period=730d) (Yahoo error = "No data found, symbol may be delisted")
2026-02-27 15:25:15,402 - ERROR - $WPL.AX: possibly delisted; no timezone found
2026-02-27 15:25:15,402 - ERROR - 
1 Failed download:
2026-02-27 15:25:15,402 - ERROR - ['WPL.AX']: possibly delisted; no timezone found
2026-02-27 15:25:15,405 - ERROR - $WPL.AX: possibly delisted; no timezone found
2026-02-27 15:25:15,405 - ERROR - 
1 Failed download:
2026-02-27 15:25:15,406 - ERROR - ['WPL.AX']: possibly delisted; no timezone found
2026-02-27 15:25:21,979 - ERROR - $NVS.SW: possibly delisted; no price data found  (period=730d) (Yahoo error = "No data found, symbol may be delisted")
2026-02-27 15:25:21,980 - ERROR - 
1 Failed download:
2026-02-27 15:25:21,980 - ERROR - ['NVS.SW']: possibly delisted; no price data found  (period=730d) (Yahoo error = "No data found, symbol may be delisted")
2026-02-27 15:25:21,984 - ERROR - $NVS.SW: possibly delisted; no timezone found
2026-02-27 15:25:21,985 - ERROR - 
1 Failed download:
2026-02-27 15:25:21,985 - ERROR - ['NVS.SW']: possibly delisted; no timezone found
2026-02-27 15:25:21,988 - ERROR - $NVS.SW: possibly delisted; no timezone found
2026-02-27 15:25:21,988 - ERROR - 
1 Failed download:
2026-02-27 15:25:21,988 - ERROR - ['NVS.SW']: possibly delisted; no timezone found
2026-02-27 15:25:22,164 - ERROR - $RMS.SW: possibly delisted; no price data found  (period=730d) (Yahoo error = "No data found, symbol may be delisted")
2026-02-27 15:25:22,165 - ERROR - 
1 Failed download:
2026-02-27 15:25:22,165 - ERROR - ['RMS.SW']: possibly delisted; no price data found  (period=730d) (Yahoo error = "No data found, symbol may be delisted")
2026-02-27 15:25:22,170 - ERROR - $RMS.SW: possibly delisted; no timezone found
2026-02-27 15:25:22,171 - ERROR - 
1 Failed download:
2026-02-27 15:25:22,171 - ERROR - ['RMS.SW']: possibly delisted; no timezone found
2026-02-27 15:25:22,173 - ERROR - $RMS.SW: possibly delisted; no timezone found
2026-02-27 15:25:22,173 - ERROR - 
1 Failed download:
2026-02-27 15:25:22,173 - ERROR - ['RMS.SW']: possibly delisted; no timezone found
2026-02-27 15:25:30,252 - ERROR - $EURONEXT.PA: possibly delisted; no price data found  (period=730d) (Yahoo error = "No data found, symbol may be delisted")
2026-02-27 15:25:30,252 - ERROR - 
1 Failed download:
2026-02-27 15:25:30,252 - ERROR - ['EURONEXT.PA']: possibly delisted; no price data found  (period=730d) (Yahoo error = "No data found, symbol may be delisted")
2026-02-27 15:25:30,254 - ERROR - $EURONEXT.PA: possibly delisted; no timezone found
2026-02-27 15:25:30,255 - ERROR - 
1 Failed download:
2026-02-27 15:25:30,255 - ERROR - ['EURONEXT.PA']: possibly delisted; no timezone found
2026-02-27 15:25:30,256 - ERROR - $EURONEXT.PA: possibly delisted; no timezone found
2026-02-27 15:25:30,256 - ERROR - 
1 Failed download:
2026-02-27 15:25:30,256 - ERROR - ['EURONEXT.PA']: possibly delisted; no timezone found
2026-02-27 15:25:30,760 - INFO - [international] Progress: 100/100 (100.0%)
2026-02-27 15:25:30,902 - INFO - Saved data/hf_dataset/international/international_1h.parquet: 517124 rows, 85 tickers
2026-02-27 15:25:30,961 - INFO - Saved data/hf_dataset/international/international_4h.parquet: 168580 rows, 85 tickers
2026-02-27 15:25:31,112 - INFO - Saved data/hf_dataset/international/international_1d.parquet: 633784 rows, 85 tickers
2026-02-27 15:25:31,162 - INFO - Saved data/hf_dataset/international/international_1wk.parquet: 129923 rows, 85 tickers
2026-02-27 15:25:31,174 - INFO - 
₿ Cryptocurrencies: 50 tickers
2026-02-27 15:25:31,174 - INFO - Fetching crypto: 50 tickers...
2026-02-27 15:25:35,954 - ERROR - $MATIC-USD: possibly delisted; no price data found  (period=730d)
2026-02-27 15:25:35,955 - ERROR - 
1 Failed download:
2026-02-27 15:25:35,955 - ERROR - ['MATIC-USD']: possibly delisted; no price data found  (period=730d)
2026-02-27 15:25:40,138 - ERROR - $UNI-USD: possibly delisted; no price data found  (period=730d)
2026-02-27 15:25:40,138 - ERROR - 
1 Failed download:
2026-02-27 15:25:40,138 - ERROR - ['UNI-USD']: possibly delisted; no price data found  (period=730d)
2026-02-27 15:25:46,745 - ERROR - $FTM-USD: possibly delisted; no price data found  (period=730d)
2026-02-27 15:25:46,745 - ERROR - 
1 Failed download:
2026-02-27 15:25:46,745 - ERROR - ['FTM-USD']: possibly delisted; no price data found  (period=730d)
2026-02-27 15:26:01,928 - INFO - [crypto] Progress: 50/50 (100.0%)
2026-02-27 15:26:02,146 - INFO - Saved data/hf_dataset/crypto/crypto_1h.parquet: 800895 rows, 47 tickers
2026-02-27 15:26:02,230 - INFO - Saved data/hf_dataset/crypto/crypto_4h.parquet: 200364 rows, 47 tickers
2026-02-27 15:26:02,285 - INFO - Saved data/hf_dataset/crypto/crypto_1d.parquet: 131544 rows, 50 tickers
2026-02-27 15:26:02,296 - INFO - Saved data/hf_dataset/crypto/crypto_1wk.parquet: 18835 rows, 50 tickers
2026-02-27 15:26:02,304 - INFO - 
📊 ETFs: 80 tickers
2026-02-27 15:26:02,304 - INFO - Fetching etfs: 80 tickers...
2026-02-27 15:26:43,842 - INFO - [etfs] Progress: 50/80 (62.5%)
2026-02-27 15:27:08,874 - INFO - Saved data/hf_dataset/etfs/etfs_1h.parquet: 406220 rows, 80 tickers
2026-02-27 15:27:08,926 - INFO - Saved data/hf_dataset/etfs/etfs_4h.parquet: 136073 rows, 80 tickers
2026-02-27 15:27:09,036 - INFO - Saved data/hf_dataset/etfs/etfs_1d.parquet: 431415 rows, 80 tickers
2026-02-27 15:27:09,073 - INFO - Saved data/hf_dataset/etfs/etfs_1wk.parquet: 89540 rows, 80 tickers
2026-02-27 15:27:09,081 - INFO - 
💱 Forex Pairs: 25 pairs
2026-02-27 15:27:09,082 - INFO - Fetching forex: 25 tickers...
2026-02-27 15:27:28,581 - INFO - Saved data/hf_dataset/forex/forex_1h.parquet: 432687 rows, 25 tickers
2026-02-27 15:27:28,621 - INFO - Saved data/hf_dataset/forex/forex_4h.parquet: 111377 rows, 25 tickers
2026-02-27 15:27:28,671 - INFO - Saved data/hf_dataset/forex/forex_1d.parquet: 147711 rows, 25 tickers
2026-02-27 15:27:28,684 - INFO - Saved data/hf_dataset/forex/forex_1wk.parquet: 29646 rows, 25 tickers
2026-02-27 15:27:28,689 - INFO - 
🛢️ Commodities: 15 tickers
2026-02-27 15:27:28,689 - INFO - Fetching commodities: 15 tickers...
2026-02-27 15:27:38,597 - INFO - Saved data/hf_dataset/commodities/commodities_1h.parquet: 158787 rows, 15 tickers
2026-02-27 15:27:38,613 - INFO - Saved data/hf_dataset/commodities/commodities_4h.parquet: 44271 rows, 15 tickers
2026-02-27 15:27:38,647 - INFO - Saved data/hf_dataset/commodities/commodities_1d.parquet: 96558 rows, 15 tickers
2026-02-27 15:27:38,657 - INFO - Saved data/hf_dataset/commodities/commodities_1wk.parquet: 20126 rows, 15 tickers
2026-02-27 15:27:38,659 - INFO - 
📉 Indices: 15 indices
2026-02-27 15:27:38,660 - INFO - Fetching indices: 15 tickers...
2026-02-27 15:27:47,818 - INFO - Saved data/hf_dataset/indices/indices_1h.parquet: 87347 rows, 15 tickers
2026-02-27 15:27:47,831 - INFO - Saved data/hf_dataset/indices/indices_4h.parquet: 28665 rows, 15 tickers
2026-02-27 15:27:47,889 - INFO - Saved data/hf_dataset/indices/indices_1d.parquet: 159485 rows, 15 tickers
2026-02-27 15:27:47,905 - INFO - Saved data/hf_dataset/indices/indices_1wk.parquet: 33198 rows, 15 tickers
2026-02-27 15:27:47,907 - INFO - 
============================================================
2026-02-27 15:27:47,907 - INFO - FETCH COMPLETE
2026-02-27 15:27:47,907 - INFO - ============================================================
2026-02-27 15:27:47,907 - INFO - Total tickers fetched: 762
2026-02-27 15:27:47,908 - INFO - Total tickers failed: 25
2026-02-27 15:27:47,908 - INFO - Total data bars: 13,561,133
2026-02-27 15:27:47,908 - INFO - Time elapsed: 10.4 minutes
2026-02-27 15:27:47,908 - INFO - Output directory: data/hf_dataset
2026-02-27 15:27:47,908 - INFO - 
============================================================
2026-02-27 15:27:47,908 - INFO - UPLOADING TO HUGGINGFACE
2026-02-27 15:27:47,908 - INFO - ============================================================
2026-02-27 15:27:48,232 - INFO - HTTP Request: GET https://huggingface.co/api/whoami-v2 "HTTP/1.1 200 OK"
2026-02-27 15:27:48,232 - INFO - Creating/updating HuggingFace repo: usamaahmedsh/elliott-wave-market-data
2026-02-27 15:27:48,798 - INFO - HTTP Request: POST https://huggingface.co/api/repos/create "HTTP/1.1 200 OK"
2026-02-27 15:27:48,801 - INFO - Uploading crypto/crypto_4h.parquet...
2026-02-27 15:27:48,963 - INFO - HTTP Request: POST https://huggingface.co/api/datasets/usamaahmedsh/elliott-wave-market-data/preupload/main "HTTP/1.1 200 OK"
2026-02-27 15:27:49,145 - INFO - HTTP Request: POST https://huggingface.co/datasets/usamaahmedsh/elliott-wave-market-data.git/info/lfs/objects/batch "HTTP/1.1 200 OK"
2026-02-27 15:27:49,759 - INFO - HTTP Request: GET https://huggingface.co/api/datasets/usamaahmedsh/elliott-wave-market-data/xet-write-token/main "HTTP/1.1 200 OK"
2026-02-27 15:27:52,522 - INFO - HTTP Request: POST https://huggingface.co/api/datasets/usamaahmedsh/elliott-wave-market-data/commit/main "HTTP/1.1 200 OK"
2026-02-27 15:27:52,523 - INFO - Uploading crypto/crypto_1d.parquet...
2026-02-27 15:27:52,655 - INFO - HTTP Request: POST https://huggingface.co/api/datasets/usamaahmedsh/elliott-wave-market-data/preupload/main "HTTP/1.1 200 OK"
2026-02-27 15:27:52,832 - INFO - HTTP Request: POST https://huggingface.co/datasets/usamaahmedsh/elliott-wave-market-data.git/info/lfs/objects/batch "HTTP/1.1 200 OK"
2026-02-27 15:27:54,572 - INFO - HTTP Request: POST https://huggingface.co/api/datasets/usamaahmedsh/elliott-wave-market-data/commit/main "HTTP/1.1 200 OK"
2026-02-27 15:27:54,573 - INFO - Uploading crypto/crypto_1wk.parquet...
2026-02-27 15:27:54,727 - INFO - HTTP Request: POST https://huggingface.co/api/datasets/usamaahmedsh/elliott-wave-market-data/preupload/main "HTTP/1.1 200 OK"
2026-02-27 15:27:54,880 - INFO - HTTP Request: POST https://huggingface.co/datasets/usamaahmedsh/elliott-wave-market-data.git/info/lfs/objects/batch "HTTP/1.1 200 OK"
2026-02-27 15:27:56,004 - INFO - HTTP Request: POST https://huggingface.co/api/datasets/usamaahmedsh/elliott-wave-market-data/commit/main "HTTP/1.1 200 OK"
2026-02-27 15:27:56,007 - INFO - Uploading crypto/crypto_1h.parquet...
2026-02-27 15:27:56,139 - INFO - HTTP Request: POST https://huggingface.co/api/datasets/usamaahmedsh/elliott-wave-market-data/preupload/main "HTTP/1.1 200 OK"
2026-02-27 15:27:56,232 - INFO - HTTP Request: POST https://huggingface.co/datasets/usamaahmedsh/elliott-wave-market-data.git/info/lfs/objects/batch "HTTP/1.1 200 OK"
2026-02-27 15:27:58,613 - INFO - HTTP Request: POST https://huggingface.co/api/datasets/usamaahmedsh/elliott-wave-market-data/commit/main "HTTP/1.1 200 OK"
2026-02-27 15:27:58,615 - INFO - Uploading indices/indices_1d.parquet...
2026-02-27 15:27:59,077 - INFO - HTTP Request: POST https://huggingface.co/api/datasets/usamaahmedsh/elliott-wave-market-data/preupload/main "HTTP/1.1 200 OK"
2026-02-27 15:27:59,166 - INFO - HTTP Request: POST https://huggingface.co/datasets/usamaahmedsh/elliott-wave-market-data.git/info/lfs/objects/batch "HTTP/1.1 200 OK"
2026-02-27 15:28:00,687 - INFO - HTTP Request: POST https://huggingface.co/api/datasets/usamaahmedsh/elliott-wave-market-data/commit/main "HTTP/1.1 200 OK"
2026-02-27 15:28:00,689 - INFO - Uploading indices/indices_4h.parquet...
2026-02-27 15:28:00,920 - INFO - HTTP Request: POST https://huggingface.co/api/datasets/usamaahmedsh/elliott-wave-market-data/preupload/main "HTTP/1.1 200 OK"
2026-02-27 15:28:01,010 - INFO - HTTP Request: POST https://huggingface.co/datasets/usamaahmedsh/elliott-wave-market-data.git/info/lfs/objects/batch "HTTP/1.1 200 OK"
2026-02-27 15:28:03,071 - INFO - HTTP Request: POST https://huggingface.co/api/datasets/usamaahmedsh/elliott-wave-market-data/commit/main "HTTP/1.1 200 OK"
2026-02-27 15:28:03,073 - INFO - Uploading indices/indices_1wk.parquet...
2026-02-27 15:28:03,786 - INFO - HTTP Request: POST https://huggingface.co/api/datasets/usamaahmedsh/elliott-wave-market-data/preupload/main "HTTP/1.1 200 OK"
2026-02-27 15:28:03,882 - INFO - HTTP Request: POST https://huggingface.co/datasets/usamaahmedsh/elliott-wave-market-data.git/info/lfs/objects/batch "HTTP/1.1 200 OK"
2026-02-27 15:28:05,632 - INFO - HTTP Request: POST https://huggingface.co/api/datasets/usamaahmedsh/elliott-wave-market-data/commit/main "HTTP/1.1 200 OK"
2026-02-27 15:28:05,634 - INFO - Uploading indices/indices_1h.parquet...
2026-02-27 15:28:06,041 - INFO - HTTP Request: POST https://huggingface.co/api/datasets/usamaahmedsh/elliott-wave-market-data/preupload/main "HTTP/1.1 200 OK"
2026-02-27 15:28:06,138 - INFO - HTTP Request: POST https://huggingface.co/datasets/usamaahmedsh/elliott-wave-market-data.git/info/lfs/objects/batch "HTTP/1.1 200 OK"
2026-02-27 15:28:07,456 - INFO - HTTP Request: POST https://huggingface.co/api/datasets/usamaahmedsh/elliott-wave-market-data/commit/main "HTTP/1.1 200 OK"
2026-02-27 15:28:07,457 - INFO - Uploading commodities/commodities_4h.parquet...
2026-02-27 15:28:07,781 - INFO - HTTP Request: POST https://huggingface.co/api/datasets/usamaahmedsh/elliott-wave-market-data/preupload/main "HTTP/1.1 200 OK"
2026-02-27 15:28:07,869 - INFO - HTTP Request: POST https://huggingface.co/datasets/usamaahmedsh/elliott-wave-market-data.git/info/lfs/objects/batch "HTTP/1.1 200 OK"
2026-02-27 15:28:09,421 - INFO - HTTP Request: POST https://huggingface.co/api/datasets/usamaahmedsh/elliott-wave-market-data/commit/main "HTTP/1.1 200 OK"
2026-02-27 15:28:09,422 - INFO - Uploading commodities/commodities_1wk.parquet...
2026-02-27 15:28:09,545 - INFO - HTTP Request: POST https://huggingface.co/api/datasets/usamaahmedsh/elliott-wave-market-data/preupload/main "HTTP/1.1 200 OK"
2026-02-27 15:28:09,638 - INFO - HTTP Request: POST https://huggingface.co/datasets/usamaahmedsh/elliott-wave-market-data.git/info/lfs/objects/batch "HTTP/1.1 200 OK"
2026-02-27 15:28:10,589 - INFO - HTTP Request: POST https://huggingface.co/api/datasets/usamaahmedsh/elliott-wave-market-data/commit/main "HTTP/1.1 200 OK"
2026-02-27 15:28:10,590 - INFO - Uploading commodities/commodities_1d.parquet...
2026-02-27 15:28:10,734 - INFO - HTTP Request: POST https://huggingface.co/api/datasets/usamaahmedsh/elliott-wave-market-data/preupload/main "HTTP/1.1 200 OK"
2026-02-27 15:28:10,823 - INFO - HTTP Request: POST https://huggingface.co/datasets/usamaahmedsh/elliott-wave-market-data.git/info/lfs/objects/batch "HTTP/1.1 200 OK"
2026-02-27 15:28:12,281 - INFO - HTTP Request: POST https://huggingface.co/api/datasets/usamaahmedsh/elliott-wave-market-data/commit/main "HTTP/1.1 200 OK"
2026-02-27 15:28:12,281 - INFO - Uploading commodities/commodities_1h.parquet...
2026-02-27 15:28:13,106 - INFO - HTTP Request: POST https://huggingface.co/api/datasets/usamaahmedsh/elliott-wave-market-data/preupload/main "HTTP/1.1 200 OK"
2026-02-27 15:28:13,198 - INFO - HTTP Request: POST https://huggingface.co/datasets/usamaahmedsh/elliott-wave-market-data.git/info/lfs/objects/batch "HTTP/1.1 200 OK"
2026-02-27 15:28:14,641 - INFO - HTTP Request: POST https://huggingface.co/api/datasets/usamaahmedsh/elliott-wave-market-data/commit/main "HTTP/1.1 200 OK"
2026-02-27 15:28:14,641 - INFO - Uploading forex/forex_1wk.parquet...
2026-02-27 15:28:14,755 - INFO - HTTP Request: POST https://huggingface.co/api/datasets/usamaahmedsh/elliott-wave-market-data/preupload/main "HTTP/1.1 200 OK"
2026-02-27 15:28:14,840 - INFO - HTTP Request: POST https://huggingface.co/datasets/usamaahmedsh/elliott-wave-market-data.git/info/lfs/objects/batch "HTTP/1.1 200 OK"
2026-02-27 15:28:16,282 - INFO - HTTP Request: POST https://huggingface.co/api/datasets/usamaahmedsh/elliott-wave-market-data/commit/main "HTTP/1.1 200 OK"
2026-02-27 15:28:16,283 - INFO - Uploading forex/forex_1h.parquet...
2026-02-27 15:28:16,389 - INFO - HTTP Request: POST https://huggingface.co/api/datasets/usamaahmedsh/elliott-wave-market-data/preupload/main "HTTP/1.1 200 OK"
2026-02-27 15:28:16,477 - INFO - HTTP Request: POST https://huggingface.co/datasets/usamaahmedsh/elliott-wave-market-data.git/info/lfs/objects/batch "HTTP/1.1 200 OK"
2026-02-27 15:28:18,076 - INFO - HTTP Request: POST https://huggingface.co/api/datasets/usamaahmedsh/elliott-wave-market-data/commit/main "HTTP/1.1 200 OK"
2026-02-27 15:28:18,077 - INFO - Uploading forex/forex_4h.parquet...
2026-02-27 15:28:18,468 - INFO - HTTP Request: POST https://huggingface.co/api/datasets/usamaahmedsh/elliott-wave-market-data/preupload/main "HTTP/1.1 200 OK"
2026-02-27 15:28:18,559 - INFO - HTTP Request: POST https://huggingface.co/datasets/usamaahmedsh/elliott-wave-market-data.git/info/lfs/objects/batch "HTTP/1.1 200 OK"
2026-02-27 15:28:20,347 - INFO - HTTP Request: POST https://huggingface.co/api/datasets/usamaahmedsh/elliott-wave-market-data/commit/main "HTTP/1.1 200 OK"
2026-02-27 15:28:20,347 - INFO - Uploading forex/forex_1d.parquet...
2026-02-27 15:28:20,478 - INFO - HTTP Request: POST https://huggingface.co/api/datasets/usamaahmedsh/elliott-wave-market-data/preupload/main "HTTP/1.1 200 OK"
2026-02-27 15:28:20,566 - INFO - HTTP Request: POST https://huggingface.co/datasets/usamaahmedsh/elliott-wave-market-data.git/info/lfs/objects/batch "HTTP/1.1 200 OK"
2026-02-27 15:28:23,632 - INFO - HTTP Request: POST https://huggingface.co/api/datasets/usamaahmedsh/elliott-wave-market-data/commit/main "HTTP/1.1 200 OK"
2026-02-27 15:28:23,633 - INFO - Uploading stocks/stocks_1h.parquet...
2026-02-27 15:28:24,249 - INFO - HTTP Request: POST https://huggingface.co/api/datasets/usamaahmedsh/elliott-wave-market-data/preupload/main "HTTP/1.1 200 OK"
2026-02-27 15:28:24,360 - INFO - HTTP Request: POST https://huggingface.co/datasets/usamaahmedsh/elliott-wave-market-data.git/info/lfs/objects/batch "HTTP/1.1 200 OK"
2026-02-27 15:28:28,056 - INFO - HTTP Request: POST https://huggingface.co/api/datasets/usamaahmedsh/elliott-wave-market-data/commit/main "HTTP/1.1 200 OK"
2026-02-27 15:28:28,057 - INFO - Uploading stocks/stocks_1wk.parquet...
2026-02-27 15:28:28,184 - INFO - HTTP Request: POST https://huggingface.co/api/datasets/usamaahmedsh/elliott-wave-market-data/preupload/main "HTTP/1.1 200 OK"
2026-02-27 15:28:28,273 - INFO - HTTP Request: POST https://huggingface.co/datasets/usamaahmedsh/elliott-wave-market-data.git/info/lfs/objects/batch "HTTP/1.1 200 OK"
2026-02-27 15:28:31,585 - INFO - HTTP Request: POST https://huggingface.co/api/datasets/usamaahmedsh/elliott-wave-market-data/commit/main "HTTP/1.1 200 OK"
2026-02-27 15:28:31,587 - INFO - Uploading stocks/stocks_1d.parquet...
2026-02-27 15:28:31,949 - INFO - HTTP Request: POST https://huggingface.co/api/datasets/usamaahmedsh/elliott-wave-market-data/preupload/main "HTTP/1.1 200 OK"
2026-02-27 15:28:32,120 - INFO - HTTP Request: POST https://huggingface.co/datasets/usamaahmedsh/elliott-wave-market-data.git/info/lfs/objects/batch "HTTP/1.1 200 OK"
2026-02-27 15:28:40,995 - INFO - HTTP Request: POST https://huggingface.co/api/datasets/usamaahmedsh/elliott-wave-market-data/commit/main "HTTP/1.1 200 OK"
2026-02-27 15:28:40,997 - INFO - Uploading stocks/stocks_4h.parquet...
2026-02-27 15:28:41,158 - INFO - HTTP Request: POST https://huggingface.co/api/datasets/usamaahmedsh/elliott-wave-market-data/preupload/main "HTTP/1.1 200 OK"
2026-02-27 15:28:41,255 - INFO - HTTP Request: POST https://huggingface.co/datasets/usamaahmedsh/elliott-wave-market-data.git/info/lfs/objects/batch "HTTP/1.1 200 OK"
2026-02-27 15:28:44,237 - INFO - HTTP Request: POST https://huggingface.co/api/datasets/usamaahmedsh/elliott-wave-market-data/commit/main "HTTP/1.1 200 OK"
2026-02-27 15:28:44,239 - INFO - Uploading etfs/etfs_4h.parquet...
2026-02-27 15:28:44,401 - INFO - HTTP Request: POST https://huggingface.co/api/datasets/usamaahmedsh/elliott-wave-market-data/preupload/main "HTTP/1.1 200 OK"
2026-02-27 15:28:44,489 - INFO - HTTP Request: POST https://huggingface.co/datasets/usamaahmedsh/elliott-wave-market-data.git/info/lfs/objects/batch "HTTP/1.1 200 OK"
2026-02-27 15:28:45,992 - INFO - HTTP Request: POST https://huggingface.co/api/datasets/usamaahmedsh/elliott-wave-market-data/commit/main "HTTP/1.1 200 OK"
2026-02-27 15:28:45,993 - INFO - Uploading etfs/etfs_1d.parquet...
2026-02-27 15:28:46,205 - INFO - HTTP Request: POST https://huggingface.co/api/datasets/usamaahmedsh/elliott-wave-market-data/preupload/main "HTTP/1.1 200 OK"
2026-02-27 15:28:46,299 - INFO - HTTP Request: POST https://huggingface.co/datasets/usamaahmedsh/elliott-wave-market-data.git/info/lfs/objects/batch "HTTP/1.1 200 OK"
2026-02-27 15:28:49,151 - INFO - HTTP Request: POST https://huggingface.co/api/datasets/usamaahmedsh/elliott-wave-market-data/commit/main "HTTP/1.1 200 OK"
2026-02-27 15:28:49,152 - INFO - Uploading etfs/etfs_1wk.parquet...
2026-02-27 15:28:49,250 - INFO - HTTP Request: POST https://huggingface.co/api/datasets/usamaahmedsh/elliott-wave-market-data/preupload/main "HTTP/1.1 200 OK"
2026-02-27 15:28:49,350 - INFO - HTTP Request: POST https://huggingface.co/datasets/usamaahmedsh/elliott-wave-market-data.git/info/lfs/objects/batch "HTTP/1.1 200 OK"
2026-02-27 15:28:50,790 - INFO - HTTP Request: POST https://huggingface.co/api/datasets/usamaahmedsh/elliott-wave-market-data/commit/main "HTTP/1.1 200 OK"
2026-02-27 15:28:50,791 - INFO - Uploading etfs/etfs_1h.parquet...
2026-02-27 15:28:50,937 - INFO - HTTP Request: POST https://huggingface.co/api/datasets/usamaahmedsh/elliott-wave-market-data/preupload/main "HTTP/1.1 200 OK"
2026-02-27 15:28:52,815 - INFO - HTTP Request: POST https://huggingface.co/datasets/usamaahmedsh/elliott-wave-market-data.git/info/lfs/objects/batch "HTTP/1.1 200 OK"
2026-02-27 15:28:56,728 - INFO - HTTP Request: POST https://huggingface.co/api/datasets/usamaahmedsh/elliott-wave-market-data/commit/main "HTTP/1.1 200 OK"
2026-02-27 15:28:56,730 - INFO - Uploading international/international_1wk.parquet...
2026-02-27 15:28:57,219 - INFO - HTTP Request: POST https://huggingface.co/api/datasets/usamaahmedsh/elliott-wave-market-data/preupload/main "HTTP/1.1 200 OK"
2026-02-27 15:28:57,311 - INFO - HTTP Request: POST https://huggingface.co/datasets/usamaahmedsh/elliott-wave-market-data.git/info/lfs/objects/batch "HTTP/1.1 200 OK"
2026-02-27 15:28:59,084 - INFO - HTTP Request: POST https://huggingface.co/api/datasets/usamaahmedsh/elliott-wave-market-data/commit/main "HTTP/1.1 200 OK"
2026-02-27 15:28:59,085 - INFO - Uploading international/international_1h.parquet...
2026-02-27 15:28:59,390 - INFO - HTTP Request: POST https://huggingface.co/api/datasets/usamaahmedsh/elliott-wave-market-data/preupload/main "HTTP/1.1 200 OK"
2026-02-27 15:28:59,488 - INFO - HTTP Request: POST https://huggingface.co/datasets/usamaahmedsh/elliott-wave-market-data.git/info/lfs/objects/batch "HTTP/1.1 200 OK"
2026-02-27 15:29:01,337 - INFO - HTTP Request: POST https://huggingface.co/api/datasets/usamaahmedsh/elliott-wave-market-data/commit/main "HTTP/1.1 200 OK"
2026-02-27 15:29:01,338 - INFO - Uploading international/international_1d.parquet...
2026-02-27 15:29:01,646 - INFO - HTTP Request: POST https://huggingface.co/api/datasets/usamaahmedsh/elliott-wave-market-data/preupload/main "HTTP/1.1 200 OK"
2026-02-27 15:29:01,733 - INFO - HTTP Request: POST https://huggingface.co/datasets/usamaahmedsh/elliott-wave-market-data.git/info/lfs/objects/batch "HTTP/1.1 200 OK"
2026-02-27 15:29:04,404 - INFO - HTTP Request: POST https://huggingface.co/api/datasets/usamaahmedsh/elliott-wave-market-data/commit/main "HTTP/1.1 200 OK"
2026-02-27 15:29:04,406 - INFO - Uploading international/international_4h.parquet...
2026-02-27 15:29:04,817 - INFO - HTTP Request: POST https://huggingface.co/api/datasets/usamaahmedsh/elliott-wave-market-data/preupload/main "HTTP/1.1 200 OK"
2026-02-27 15:29:04,908 - INFO - HTTP Request: POST https://huggingface.co/datasets/usamaahmedsh/elliott-wave-market-data.git/info/lfs/objects/batch "HTTP/1.1 200 OK"
2026-02-27 15:29:06,451 - INFO - HTTP Request: POST https://huggingface.co/api/datasets/usamaahmedsh/elliott-wave-market-data/commit/main "HTTP/1.1 200 OK"
2026-02-27 15:29:09,618 - INFO - HTTP Request: POST https://huggingface.co/api/validate-yaml "HTTP/1.1 200 OK"
2026-02-27 15:29:09,721 - INFO - HTTP Request: POST https://huggingface.co/api/datasets/usamaahmedsh/elliott-wave-market-data/preupload/main "HTTP/1.1 200 OK"
2026-02-27 15:29:10,457 - INFO - HTTP Request: POST https://huggingface.co/api/datasets/usamaahmedsh/elliott-wave-market-data/commit/main "HTTP/1.1 200 OK"
2026-02-27 15:29:10,636 - INFO - HTTP Request: POST https://huggingface.co/api/datasets/usamaahmedsh/elliott-wave-market-data/preupload/main "HTTP/1.1 200 OK"
2026-02-27 15:29:11,462 - INFO - HTTP Request: POST https://huggingface.co/api/datasets/usamaahmedsh/elliott-wave-market-data/commit/main "HTTP/1.1 200 OK"
2026-02-27 15:29:11,463 - INFO - ✅ Dataset uploaded successfully to: https://huggingface.co/datasets/usamaahmedsh/elliott-wave-market-data
2026-02-27 15:29:11,463 - INFO - 🎉 All done! Dataset available on HuggingFace Hub.
